{((-11.25, 11.25), (0, 25.0)): [-4.425646605389118, -3.860168623084701, -0.14325758906689945, -3.774559826129834, -1.5720398255942944, -1.6492696837122334, -3.748083782788849, -4.739347282044967, -4.785541919113513, -3.2518627965860154, -4.228211275895214, -1.4326343644697888, -4.998398901531187, -3.978350251868643, -4.468538681091308, -4.287398150688018, -4.316676031652388], ((-11.25, 11.25), (25.0, 50.0)): [-0.3705937661656993, -2.6108005383645674, -3.9585661946339408, -0.11554863114514546, -4.576433478954057, -2.047781908295789, -0.4791791003460073, -2.516928436035053, -1.1832831771099288, -3.490813967035817, -1.0863961137179179, -4.972752518218491, -3.3463256078450425, -2.134505233634348, -3.4652428378080353, -1.2015775947669582, -4.3130766666056815], ((-11.25, 11.25), (50.0, 75.0)): [-3.573563446231863, -3.1547650226807917, -4.299382830244222, -3.0575195905985657, -2.463559394826946, -0.19139397007058534, -2.58488824723985, -3.4120548410838385, -4.455564427862152, -0.41005872457519565, -0.20910318589765975, -1.7687265703335386, -2.484577068217016, -1.011931346883277, -0.7318752672805875, -1.2226718022287368, -0.974313141291633], ((-11.25, 11.25), (75.0, 100)): [-3.3684886200740953, -0.19341778146946353, -3.913530495961803, -0.5354329612976025, -2.579614718276434, -1.245813688548394, -3.4053526007391026, -3.858680914617948, -1.941161654517244, -4.599478808774343, -1.569644682525075, -4.039859199903605, -3.177926520570259, -4.953771383256526, -3.9517796866979458, -2.282619366434534, -3.535803810023854], ((11.25, 33.75), (0, 25.0)): [-1.5499096821458336, -2.498023127863484, -2.200996429729617, -3.2156050208275273, -2.08087257171064, -3.725559758825343, -4.725728611455285, -0.05891851960934691, -1.1826815123538421, -4.5690373091362915, -2.794861755409314, -0.777876425769791, -4.176396432471865, -4.209776861879843, -3.5610988807011674, -2.5742743877413177, -3.6315357426917663], ((11.25, 33.75), (25.0, 50.0)): [-2.241511191845987, -0.7438337095973226, -4.247222651070468, -4.276202051038628, -0.08594410159570032, -4.259911686217201, -1.1639348535000176, -4.704699469570498, -0.7338145430083474, -2.2479669759225898, -1.7784712863639518, -1.8609984865791285, -4.811133404503755, -2.3148276531103393, -1.4199601648488591, -2.9489760383736447, -3.5370410972913064], ((11.25, 33.75), (50.0, 75.0)): [-4.2522639113106315, -3.0162108679216444, -2.9080841240768507, -0.7744692204605332, -0.1522014107985843, -2.822878101201232, -4.668702522537631, -0.4823331736901899, -3.9450566673800864, -0.9974928519408275, -3.320674436011029, -0.068223909298891, -3.9464398911412166, -1.5728420590155654, -0.04535227400979025, -3.3033727014132532, -4.249322729952035], ((11.25, 33.75), (75.0, 100)): [-4.59212166175773, -3.176008117902338, -1.5520278949014288, -1.7191400104235983, -4.506602206385373, -4.5631851765037155, -3.5186930544591806, -2.228466764821352, -3.5532089915284337, -4.6430844286213055, -3.416442919969744, -1.6184705938068773, -3.1452960728484025, -3.8130776918654745, -1.1910309205033287, -3.8841020020011103, -2.40731608471419], ((33.75, 56.25), (0, 25.0)): [-4.693566287738729, -0.17838970057936088, -3.212020087420151, -2.0787210159077536, -0.24114764140447242, -1.525330592505549, -3.730429263963707, -1.080763055155451, -0.04227406122913546, -2.0821332860720387, -3.344513386227594, -1.3158873424252286, -0.21127079254892855, -0.9243019807939685, -4.58404548376251, -4.206187862814449, -2.5238353630574943], ((33.75, 56.25), (25.0, 50.0)): [-1.9999624892291514, -1.107055926721181, -3.5557184101619352, -1.8318447533797881, -1.152015542623671, -2.3680867022577274, -4.437740325751159, -3.5228824885767125, -1.7455833221854649, -1.0024640356053571, -0.13859298815628218, -0.046501253505992324, -3.078046412976221, -3.0769033284796516, -2.7249651015953247, -2.88169644149625, -0.8882458525427586], ((33.75, 56.25), (50.0, 75.0)): [-0.48097331938605414, -2.546584881006626, -4.708845268567851, -4.427044192425503, -3.95022165992355, -3.7421241632400863, -3.9465171822856697, -4.503988876553756, -1.8608524096314554, -0.960933216427609, -0.7950541227540455, -4.573493936095233, -0.01443989466227169, -1.60939493546939, -2.5781894366686, -4.412490713619673, -0.8658715809534945], ((33.75, 56.25), (75.0, 100)): [-4.875700471412224, -3.347801744954868, -1.8374904701970776, -3.0914304817030946, -0.6438482330499067, -2.5151652628078414, -3.3933556422155293, -3.787943907540866, -4.859055446736461, -2.313207646460402, -0.9256959845863246, -1.4086123046071282, -4.444697563484159, -4.945688538038419, -0.8239358093013243, -4.83899293921252, -3.3519785860847664], ((56.25, 78.75), (0, 25.0)): [-2.5749368284925604, -3.1042637612184567, -0.27788418412365523, -2.110785741192175, -3.2236925734396666, -2.7624225061649863, -2.668775231215898, -4.475682400825095, -4.266048525186191, -2.582031386415489, -0.19985589581907526, -4.091973273452775, -0.5455257400894711, -3.0358710999634733, -3.3027151850718814, -3.706537683595087, -2.55361764884787], ((56.25, 78.75), (25.0, 50.0)): [-2.943390568005413, -4.812624981318654, -3.921434253804313, -2.2399556349272327, -1.1280362477423758, -4.554052613608724, -0.9156460956299206, -4.7251177001027385, -0.3409505926121099, -0.0702292878305224, -2.659319333750578, -1.3092730428592478, -1.7786932833991074, -2.3096992529127687, -1.6181540297147823, -1.4200583029380267, -0.9783618038051394], ((56.25, 78.75), (50.0, 75.0)): [-2.0046945110848635, -4.108845436083547, -4.761389972876114, -2.8211099566810596, -1.2510945158283997, -2.647338501987919, -4.016740922058574, -2.095404876231601, -3.3075879807105073, -3.7788973355428053, -2.6485711024115677, -2.497001920840021, -1.3752889548461509, -0.5543855213783768, -3.675552331984533, -2.2600923062507694, -0.6615186095141024], ((56.25, 78.75), (75.0, 100)): [-2.627902479290589, -0.8807514987801195, -1.7340656167605384, -3.4168389488410584, -1.9125908916029903, -2.783901488131069, -1.7743158213018422, -4.804611475803209, -1.9961171136668172, -1.1689976659332793, -3.4478411968659515, -3.064932839151668, -3.8671459928419143, -0.18889079317399027, -3.1055359795760924, -3.927868472652853, -3.7899940028505084], ((78.75, 101.25), (0, 25.0)): [-0.016360900901134734, -2.011526937885658, -0.39935268439035276, -1.492518643481271, -4.057400107391455, -4.037578124664755, -0.3967659211776162, -2.6126530271962753, -4.510101366632302, -2.319059309332623, -4.448515133123957, -4.241231565879735, -4.420725108772293, -2.801019453488356, -0.8103027491301331, -0.42860305400860454, -0.28709211340581664], ((78.75, 101.25), (25.0, 50.0)): [-4.343583796163092, -4.709669750023137, -4.948622124329664, -2.0267312705826206, -4.325809703674918, -1.5235749919122292, -3.873850808705006, -3.237128696488234, -3.0141087782308262, -4.593001658425194, -2.462380426985264, -2.886185321141773, -0.3775181816153932, -1.9995689683012694, -4.411670705455073, -0.2551154025742379, -3.419185116219488], ((78.75, 101.25), (50.0, 75.0)): [-0.5617561905364283, -4.697194778731191, -2.1206946045382695, -4.493924256948833, -4.6465747389695835, -0.26678356489947497, -3.0332301079686887, -1.1632141175053108, -2.792176458884827, -1.1901793258472266, -1.96953759653017, -0.6350355828744938, -0.24644029603805162, -1.3337845192476019, -4.718122664713593, -3.2849271299098497, -0.02789029749577754], ((78.75, 101.25), (75.0, 100)): [-4.817190527799885, -3.020257014661563, -2.100779009014158, -1.4468900406849516, -2.8536080052609556, -4.3152015675234505, -3.2181177495368027, -0.6902877962778682, -2.8843055269906204, -2.8170807601977463, -1.000314637359942, -0.0279435745369101, -1.169624701751757, -4.812761243363323, -4.022847465437524, -2.6925333559620954, -0.24812807613285148], ((101.25, 123.75), (0, 25.0)): [-1.2623707606147394, -0.7161968119626785, -4.661242621858463, -0.8154013768581754, -1.8521344586263062, -0.7895513797903266, -1.1770543692520081, -1.6729292827236248, -4.746908288787268, -1.560315699045511, -1.517922247615231, -2.757274550826666, -0.8901075498811233, -4.922579913237875, -4.39365347819934, -2.595594273148155, -3.614192947461686], ((101.25, 123.75), (25.0, 50.0)): [-3.894475252193501, -2.4821281521849965, -0.6965813567730565, -1.7058573015101306, -2.2701368468726475, -2.826700748618445, -0.34765227123598486, -1.1866633812403506, -4.699789243031077, -4.557132759748473, -1.9609300880626273, -0.8657890398115073, -4.3922677827520085, -4.881965055994593, -4.831959472807276, -3.419778993526148, -1.629973732098628], ((101.25, 123.75), (50.0, 75.0)): [-0.3185461705112278, -0.40730956997242096, -0.5306181340397931, -1.5033212513618235, -0.9613214596362738, -4.828963743989206, -1.7562332471551412, -2.18309848459149, -0.28035803144836535, -4.2144194065412, -2.7907422214777178, -3.6143064152353017, -1.2499281056734435, -2.4144369192778163, -2.232183185444501, -4.17361851182152, -2.8457759274203624], ((101.25, 123.75), (75.0, 100)): [-2.1709710928342583, -3.9828500006020855, -1.6882527826141676, -0.9710631378191525, -2.9813064443945425, -4.723996461626603, -3.2107597586580185, -1.7667979762818362, -2.6362563272403605, -4.4548238315727895, -1.3147807847488844, -3.3223999414084258, -1.5226107727991103, -1.951169890895545, -2.956504544305938, -1.0453704994073059, -3.462055158802084], ((123.75, 146.25), (0, 25.0)): [-4.179781491791363, -1.0959096855096222, -2.9742482487295776, -2.952259474314458, -0.8564675223841274, -3.4181488143557717, -2.8363621453599235, -1.7338414160106543, -4.910018887459898, -3.2853251090536966, -0.8463711181072995, -4.225157214799899, -3.1048107819522452, -3.423110352797219, -3.9363207707760606, -1.3552143756856823, -3.940802629939732], ((123.75, 146.25), (25.0, 50.0)): [-2.752674644531053, -3.003284766881809, -1.4019456770684697, -1.8135162391265554, -4.880424659634289, -4.655771162291033, -2.177971968223603, -3.640162370743671, -0.7641776540493277, -4.810851041373971, -4.937358493691603, -0.020980214809253717, -1.273470675345676, -0.4185788931462149, -3.2000370801313647, -0.4189573287428079, -2.4420871039217933], ((123.75, 146.25), (50.0, 75.0)): [-1.0742390437737943, -4.083747558055068, -4.056000740295216, -1.5423572206054277, -3.083478286816935, -0.425191438007384, -4.128882673361048, -0.18160190404334564, -1.9314416770029257, -0.9664467927768365, -2.790464266650721, -4.33609323019571, -0.13711589920299172, -2.102965974241928, -0.8100971365403602, -3.5100337116876217, -2.3040290224277986], ((123.75, 146.25), (75.0, 100)): [-3.9026626353847327, -0.843376291750654, -4.0661972809479, -2.78211467367129, -2.615075217141642, -1.1915151527385444, -1.3568999424872477, -4.630148187283806, -2.113610058086413, -4.2294037614749005, -0.10648856404982077, -1.1462869313185826, -1.257236966248513, -1.253743876918958, -3.3489306093953335, -1.805106175129807, -3.8896478095965836], ((146.25, 168.75), (0, 25.0)): [-4.636150011371096, -2.576794312694606, -0.20352043644387052, -3.7874462648203275, -2.3951306280479647, -4.796676692380345, -0.22224078102386358, -0.29325491572530815, -4.701898610449465, -2.2941188086188813, -1.7689411452955266, -0.8091527491495505, -0.02765255822412982, -2.2307366991151327, -1.2388926358153447, -2.961470004429765, -4.810103533256028], ((146.25, 168.75), (25.0, 50.0)): [-4.455889158189724, -3.7673529465114006, -3.2483705581271365, -2.145724290218085, -4.726572939429736, -1.5067288998115647, -1.9414310749709163, -0.278441027626247, -2.277838517750013, -3.3707808668282953, -2.9841395988691772, -2.1460723316211383, -4.561759792765914, -1.0907085670357146, -1.7904944804680807, -4.0144227631643545, -0.19487344162435516], ((146.25, 168.75), (50.0, 75.0)): [-2.5076852279363253, -3.85533598561528, -3.357181254708604, -4.453405131320295, -0.09597643173935122, -4.520149457577861, -3.6046562508280977, -3.9336236777177627, -0.18516565356292247, -4.766167824297873, -1.7818777454361872, -1.8143044261083405, -1.423830432427105, -1.2581170697804462, -3.846032572005565, -3.706506775637106, -4.783931974013125], ((146.25, 168.75), (75.0, 100)): [-4.252267054380306, -2.1054424773907265, -3.981057111291454, -0.7536862965502786, -0.13136491123527083, -2.377153054503616, -3.1100680852633067, -3.853752225081312, -4.3593254083579716, -4.956900703529171, -3.10354003570336, -3.662858053878306, -0.6299447471081461, -4.5581950610153585, -2.7777666304976476, -4.813212253330548, -3.1583753098863236], ((168.75, 191.25), (0, 25.0)): [-2.856687768407959, -4.715024391002116, -4.582500660013037, -2.27065422813756, -2.6773607494438694, -3.033198927139801, -1.247929089977168, -4.482011189842991, -1.5105532629314409, -4.6437022164550426, -0.6137332313809649, -0.7003318703386414, -2.295420152797626, -1.6773389915329902, -3.2967414605042866, -4.0486582544341685, -4.754016239779136], ((168.75, 191.25), (25.0, 50.0)): [-1.8903297796062142, -1.6010417768345842, -0.4281754224563361, -2.9302901997308965, -2.788009213484056, -3.309754516599952, -4.501407471542972, -4.847891556326277, -3.050809233315805, -2.218659699680546, -1.3122865305263383, -3.051023976434799, -2.8450105999066944, -1.2226062879282824, -3.9188436278221888, -2.3019477815067564, -3.0464286541005143], ((168.75, 191.25), (50.0, 75.0)): [-0.8536360273819863, -3.4120294925237977, -2.0608855876087295, -1.87109845235155, -2.999966853335941, -1.9497267696395286, -0.05001073799128086, -0.5093664857251774, -2.7715444470047346, -3.641679658201969, -3.5074392502470646, -4.3567798843769605, -1.1335792043305197, -1.1509041900618984, -0.5187990665183069, -1.35361213098065, -0.9578902889933856], ((168.75, 191.25), (75.0, 100)): [-3.078228975814625, -1.542084743644463, -0.1746034605973863, -0.3540242848460684, -3.992547480824931, -2.3723380152306865, -0.2677608123987838, -0.08845545517115205, -1.8654095002607978, -4.954988332455985, -0.7787872442508519, -0.8173459197103785, -1.3685162953076584, -1.6538344036032901, -1.0282750923873656, -3.6138650003247146, -2.6929270919406627], ((191.25, 213.75), (0, 25.0)): [-4.112213727679262, -3.422453513410502, -4.085744913960368, -1.2525606236031992, -3.639473469420636, -0.5175605116835333, -3.0248767779503942, -1.4817601813952894, -0.20109356575105686, -4.202766101539058, -2.385857409299028, -4.064698930545628, -4.826619570039668, -3.738666783559136, -3.5381837212153906, -0.8998762554514954, -3.9667348584396733], ((191.25, 213.75), (25.0, 50.0)): [-3.767823385544829, -2.6109511844148274, -2.5158563357804664, -0.5451223561743141, -2.188953513490499, -3.67794855143911, -4.352270113698176, -3.146540649722624, -3.24164502972076, -2.8014770600476147, -2.444414568299206, -1.0143161050144838, -2.8838523353443946, -4.008595070213084, -1.8448550744143692, -0.4541765328022711, -2.1337164719535955], ((191.25, 213.75), (50.0, 75.0)): [-2.824286107147272, -1.8589414704295617, -4.81200308114537, -3.8003492160941725, -2.3750397135641714, -1.588291133889825, -4.846581054283481, -3.1059507069640606, -0.7041581820970455, -4.2067909298961235, -1.7094726148325186, -1.2787507102330031, -2.102751031986684, -2.302776721339728, -1.5745461727346104, -0.5616815369025456, -1.282008422786101], ((191.25, 213.75), (75.0, 100)): [-1.3067364044884853, -3.9676432934913173, -2.297740054034424, -3.0165553683527637, -2.276486120658661, -2.3968776123137165, -3.7060315311641485, -1.4390816431867108, -4.469091658758316, -0.25075009006356197, -3.9987383233208385, -1.554390651555086, -2.3686495844731716, -4.1675188900392754, -1.9236319464303997, -1.6602817711748181, -3.2360478876850025], ((213.75, 236.25), (0, 25.0)): [-0.8776785535936202, -3.6824047927290633, -1.167701275013643, -4.436210147946572, -3.4599424176807703, -0.28523607166942444, -0.460307184681616, -0.7887237396540101, -4.972648225993923, -0.5119355998893536, -2.5840348870956893, -2.5368357199722897, -0.5568701684431501, -3.4057050353528395, -3.130850531229185, -4.129777792437909, -4.892767980228635], ((213.75, 236.25), (25.0, 50.0)): [-0.41318594750157445, -1.1683205317533938, -4.946437059758562, -1.4075134662236706, -4.220834072053281, -2.757658754260296, -1.179359891173168, -4.406711940125931, -0.9564506836825757, -1.7955303549289803, -4.9074111898305715, -4.622081143873608, -3.7639269228541687, -1.3846883941157984, -0.32965826536148946, -2.91761127747941, -2.507105206040049], ((213.75, 236.25), (50.0, 75.0)): [-1.6918159417356167, -3.572937888949917, -4.4333451814691, -4.668989171552197, -3.7914324307002003, -0.8938391471709402, -0.8830569441115843, -0.7495365330416686, -4.2621655865562245, -1.5217967994854997, -1.4402847557739284, -1.1315954277535472, -1.4797787728013527, -2.0404688372664825, -1.5591529472421293, -2.9764342995954522, -4.204924593569396], ((213.75, 236.25), (75.0, 100)): [-3.5170645401124117, -2.898526343720132, -2.6372222225443176, -4.482389900111498, -4.036511107766469, -4.058033001319894, -3.9975887891856643, -4.355504044546864, -1.537990001848395, -4.480486055721172, -0.19545691457275183, -1.8332983867178374, -3.0470974738629186, -4.227435348335201, -3.805446837119095, -3.2376677296254455, -3.630336712169864], ((236.25, 258.75), (0, 25.0)): [-0.6777640219836254, -2.3496624833334763, -0.807149434279542, -1.3848354153339275, -3.88565632975183, -0.7936119669242832, -3.772997613570645, -3.5725291983059804, -3.5135778412617906, -0.8732784902704553, -0.25994661925361306, -3.059018987079727, -1.8434385785631258, -1.8504803272834485, -0.9006900080890272, -1.0286902856766984, -1.629510230684251], ((236.25, 258.75), (25.0, 50.0)): [-4.290577437525283, -0.42103247927194953, -0.3122295358271776, -2.8819599569891925, -0.9049033618875155, -4.424300081296374, -0.043597792554478154, -2.9103440490058685, -1.3608174596551215, -1.8200319646231904, -3.1083340004857836, -2.4204498899641487, -0.731922913399428, -2.383840081538622, -0.3701333398989073, -0.7006710458927374, -4.863828807112254], ((236.25, 258.75), (50.0, 75.0)): [-0.48411270708603027, -2.0358265703794114, -4.079444101196967, -3.6138490894981645, -3.0021911875600016, -1.6107341344231516, -2.448861269155691, -1.5009787223061593, -1.6225409458054294, -2.449307395584585, -2.4477947971357503, -0.13851461219497896, -4.778086173216502, -3.540039153640142, -3.071243349771807, -2.0506703735512573, -3.3137209172880064], ((236.25, 258.75), (75.0, 100)): [-1.9965967254907935, -2.109314204020434, -3.3350016673998173, -1.9552487943213848, -2.4834283656298335, -0.5806230308790434, -4.182039773482022, -1.5587806875102888, -4.932995226026691, -3.384878882805184, -4.084843064183158, -1.0389487038619354, -1.5352191028782225, -1.0370806829785595, -4.572082502300521, -4.877784480336047, -3.9694501496834187], ((258.75, 281.25), (0, 25.0)): [-2.6203232975533224, -3.39490915851278, -4.7939166434982, -3.221187153343768, -1.0313401820539507, -1.6255466113828598, -0.10088038606252248, -1.8743325946642635, -1.8104652413239135, -0.38414513349700474, -2.166500545912877, -1.9787840999030997, -4.0988547093475445, -3.234402570108828, -0.038526428193158324, -0.19727269589451613, -0.624045181092229], ((258.75, 281.25), (25.0, 50.0)): [-4.644091651172394, -2.3035803817062956, -1.9087395736299255, -4.074217755130112, -1.2848497309684692, -4.2865251780327736, -3.180383908756352, -3.604420923413017, -4.873948667951355, -1.8500308073619518, -0.8013326323463712, -2.9433003254756085, -1.7816155014406028, -2.0438236177434153, -1.4878333058193722, -0.1820089266098197, -0.17674791308104343], ((258.75, 281.25), (50.0, 75.0)): [-0.016802432598917783, -2.3637366805059874, -3.54787814501975, -0.20597957272452838, -1.5934903315335829, -2.5550886300195113, -3.7908611060206905, -4.478405116722803, -1.583654034149001, -4.76424585712555, -2.4449413116991945, -3.7540273424912067, -0.156785789035764, -1.2586854954140665, -2.09655881756798, -0.5627865562675662, -0.4953654917416346], ((258.75, 281.25), (75.0, 100)): [-3.3308036844248488, -2.762961894432162, -2.4145222665398007, -1.6467998004724742, -0.8211363925064283, -4.6867666907237835, -1.301592958646303, -3.011746133972104, -3.442099418987726, -4.339472799516552, -3.9785317698908473, -0.9244139847994024, -4.626991587864351, -1.1930827406600497, -0.8802402510478649, -1.0042930797895422, -0.4990974037992917], ((281.25, 303.75), (0, 25.0)): [-2.14792050012478, -0.6202013921553364, -0.2975189765388304, -4.019633129989137, -0.9142332084192653, -2.0780823751395268, -4.892634689641946, -1.941283132973854, -3.581398107665768, -3.6848967081633432, -1.8558635672202413, -0.3362241551970211, -2.7529408816583585, -1.4401369973469507, -0.35258330347617317, -2.4591502648340873, -1.8764888247257665], ((281.25, 303.75), (25.0, 50.0)): [-2.361663779876986, -3.0823112404315847, -4.264488782182413, -2.011432860261942, -3.784656563370798, -1.0193229750764936, -1.303292497522845, -0.8099507210039576, -3.583636949814217, -1.29379004245413, -4.833277112435495, -0.9134921725930267, -3.0274546887065763, -4.835419332575027, -2.3868828086244203, -4.794639236979269, -1.2597145355842496], ((281.25, 303.75), (50.0, 75.0)): [-4.004756885049695, -4.422679649659461, -4.881534799322158, -2.4330094521830152, -3.9723281391394516, -2.568467242791651, -2.1054114574931138, -0.3793824855929353, -0.491208180674799, -0.8498796134572055, -3.208943876850114, -4.9911120734923955, -4.9714142478001495, -1.088638292173532, -2.717762160488029, -0.3144605681982675, -4.738787751029398], ((281.25, 303.75), (75.0, 100)): [-3.42767092722466, -4.726459393409344, -2.5137785545640834, -4.960765994190833, -0.21948873153925774, -3.2142935711181146, -3.6124773728852384, -2.7110885942979825, -4.7259423739387145, -4.005009593790654, -2.195777871413192, -2.2303879620511613, -1.5584837189683922, -1.1830653865447043, -0.23931103436817125, -3.1505847332054877, -3.888654351081252], ((303.75, 326.25), (0, 25.0)): [-0.8685136268111728, -0.28923803963227623, -1.5437302328319285, -1.1921131731241403, -1.7490370655319811, -1.9872151595035343, -4.462782801507854, -1.5564330935074056, -3.453516724776591, -2.300030985739853, -3.0020239510283213, -1.0529703692479746, -2.8749909046580964, -3.83446697497914, -2.423495693877173, -2.4322993059766214, -2.5312064220788004], ((303.75, 326.25), (25.0, 50.0)): [-2.535102416888596, -2.964444544535087, -0.5848631022948236, -4.8395064480090575, -4.5690775987990415, -4.39395810214233, -1.8615190125522938, -2.3139611272301663, -0.8167523856458718, -3.8441000659069062, -1.7483268234753084, -3.712823462403751, -0.6399376085809925, -3.8679030067163, -1.0170547904228893, -0.7556037739583257, -1.4111139415844551], ((303.75, 326.25), (50.0, 75.0)): [-1.4830815202490562, -1.2475854121711367, -2.3923458285732924, -4.061513243268372, -3.7988411776898134, -4.037400130400199, -3.8523144684817083, -0.23398188605307624, -3.3338656559379203, -1.2996145455938697, -4.615068815520706, -1.8140365132335408, -2.0477627982799196, -0.22743994315397575, -1.3720462737716215, -4.372731289689026, -4.711372458537361], ((303.75, 326.25), (75.0, 100)): [-0.18743126392262255, -0.7661295202054861, -3.850100677025901, -2.469566160825333, -4.0706749263548545, -3.845164198860513, -2.766231219854209, -2.829825457318633, -4.081845577664286, -2.4358343357062466, -2.206959104043979, -1.9795419535648344, -1.122366304526773, -2.4074613008661627, -0.7616207616164843, -2.9201695480110974, -2.1212590016139354], ((326.25, 348.75), (0, 25.0)): [-1.349769245449104, -3.108541579348013, -2.8845443291524697, -0.6648174088356944, -0.9278988924522054, -2.010520011553862, -3.9132366662679416, -3.4030835975214915, -3.0679682614510453, -3.6949115601283267, -0.898803208688121, -1.4504738525364642, -2.631109713897838, -4.397131349832778, -3.9925463185157333, -2.286889369696856, -2.126374020475923], ((326.25, 348.75), (25.0, 50.0)): [-2.8741144998739516, -1.767747428162635, -2.470715856313468, -4.6043045468906145, -1.5782652871057374, -1.3050914801899993, -3.3740734542477817, -1.309383397054662, -3.4498388461800067, -2.796293015791153, -4.05102494918106, -3.31494744233978, -2.7033760778892892, -0.11669733174715624, -4.863653638820866, -0.2502910109409733, -1.4335782548150116], ((326.25, 348.75), (50.0, 75.0)): [-4.014596763955974, -3.46865722112987, -1.6254717439592685, -3.7513955769909186, -4.488511920865036, -3.030804949054384, -3.3074032744397956, -0.6047703764324304, -2.321623720732014, -1.7205328785867637, -1.3943115132036676, -1.2496246102746076, -4.647332437747675, -0.767150428939301, -2.305600477742533, -3.391209797693966, -2.9574716833990164], ((326.25, 348.75), (75.0, 100)): [-0.6646335092507973, -1.5046313254151396, -2.744228929641222, -0.3508371951007341, -0.7731116580830468, -0.5220851941614049, -1.1519449616377013, -3.316179029875207, -2.33689674722486, -2.8438357275087323, -1.7605836347179995, -4.943661943451714, -3.716879630337757, -3.2490469834336073, -1.2024357555939504, -0.823761349305645, -3.8840919448388185]}
choice: 5   |  move: (   4.0,    0.0)  |  ds = 4.0
choice: 7   |  move: (   0.0,   -4.0)  |  ds = 4.0
choice: 14  |  move: (  7.07,  -7.07)  |  ds = 10.0
choice: 12  |  move: (  7.07,   7.07)  |  ds = 10.0
choice: 15  |  move: (   0.0,  -10.0)  |  ds = 10.0
choice: 11  |  move: (   0.0,   10.0)  |  ds = 10.0
choice: 7   |  move: (   0.0,   -4.0)  |  ds = 4.0
choice: 5   |  move: (   4.0,    0.0)  |  ds = 4.0
choice: 4   |  move: (  2.83,   2.83)  |  ds = 4.0
choice: 4   |  move: (  2.83,   2.83)  |  ds = 4.0
choice: 6   |  move: (  2.83,  -2.83)  |  ds = 4.0
choice: 6   |  move: (  2.83,  -2.83)  |  ds = 4.0
choice: 8   |  move: ( -2.83,  -2.83)  |  ds = 4.0
choice: 2   |  move: ( -2.83,   2.83)  |  ds = 4.0
choice: 14  |  move: (  7.07,  -7.07)  |  ds = 10.0
choice: 4   |  move: (  2.83,   2.83)  |  ds = 4.0
choice: 13  |  move: (  10.0,    0.0)  |  ds = 10.0
choice: 0   |  move: (     0,      0)  |  ds = 0.0
choice: 7   |  move: (   0.0,   -4.0)  |  ds = 4.0
choice: 7   |  move: (   0.0,   -4.0)  |  ds = 4.0
choice: 1   |  move: (  -4.0,    0.0)  |  ds = 4.0
choice: 4   |  move: (  2.83,   2.83)  |  ds = 4.0
choice: 1   |  move: (  -4.0,    0.0)  |  ds = 4.0
choice: 5   |  move: (   4.0,    0.0)  |  ds = 4.0
choice: 14  |  move: (  7.07,  -7.07)  |  ds = 10.0
choice: 14  |  move: (  7.07,  -7.07)  |  ds = 10.0
choice: 3   |  move: (   0.0,    4.0)  |  ds = 4.0
choice: 0   |  move: (     0,      0)  |  ds = 0.0
choice: 6   |  move: (  2.83,  -2.83)  |  ds = 4.0
choice: 7   |  move: (   0.0,   -4.0)  |  ds = 4.0
choice: 10  |  move: ( -7.07,   7.07)  |  ds = 10.0
choice: 12  |  move: (  7.07,   7.07)  |  ds = 10.0
choice: 0   |  move: (     0,      0)  |  ds = 0.0
choice: 15  |  move: (   0.0,  -10.0)  |  ds = 10.0
choice: 0   |  move: (     0,      0)  |  ds = 0.0
choice: 15  |  move: (   0.0,  -10.0)  |  ds = 10.0
choice: 14  |  move: (  7.07,  -7.07)  |  ds = 10.0
choice: 14  |  move: (  7.07,  -7.07)  |  ds = 10.0
choice: 14  |  move: (  7.07,  -6.62)  |  ds = 9.69
choice: 4   |  move: (  2.83,   2.83)  |  ds = 4.0
choice: 3   |  move: (   0.0,    4.0)  |  ds = 4.0
choice: 4   |  move: (  2.83,   2.83)  |  ds = 4.0
choice: 3   |  move: (   0.0,    4.0)  |  ds = 4.0
choice: 10  |  move: ( -7.07,   7.07)  |  ds = 10.0
choice: 0   |  move: (     0,      0)  |  ds = 0.0
choice: 11  |  move: (   0.0,   10.0)  |  ds = 10.0
choice: 5   |  move: (   4.0,    0.0)  |  ds = 4.0
choice: 5   |  move: (   4.0,    0.0)  |  ds = 4.0
choice: 9   |  move: ( -10.0,    0.0)  |  ds = 10.0
choice: 9   |  move: ( -10.0,    0.0)  |  ds = 10.0
choice: 6   |  move: (  2.83,  -2.83)  |  ds = 4.0
choice: 5   |  move: (   4.0,    0.0)  |  ds = 4.0
choice: 4   |  move: (  2.83,   2.83)  |  ds = 4.0
choice: 13  |  move: (  10.0,    0.0)  |  ds = 10.0
choice: 5   |  move: (   4.0,    0.0)  |  ds = 4.0
choice: 9   |  move: ( -10.0,    0.0)  |  ds = 10.0
choice: 16  |  move: ( -7.07,  -7.07)  |  ds = 10.0
choice: 1   |  move: (  -4.0,    0.0)  |  ds = 4.0
choice: 6   |  move: (  2.83,  -2.83)  |  ds = 4.0
choice: 12  |  move: (  7.07,   7.07)  |  ds = 10.0
choice: 12  |  move: (  7.07,   7.07)  |  ds = 10.0
choice: 4   |  move: (  2.83,   2.83)  |  ds = 4.0
choice: 0   |  move: (     0,      0)  |  ds = 0.0
choice: 10  |  move: ( -7.07,   7.07)  |  ds = 10.0
choice: 5   |  move: (   4.0,    0.0)  |  ds = 4.0
choice: 12  |  move: (  7.07,   7.07)  |  ds = 10.0
choice: 2   |  move: ( -2.83,   2.83)  |  ds = 4.0
choice: 6   |  move: (  2.83,  -2.83)  |  ds = 4.0
choice: 5   |  move: (   4.0,    0.0)  |  ds = 4.0
choice: 1   |  move: (  -4.0,    0.0)  |  ds = 4.0
choice: 15  |  move: (   0.0,  -10.0)  |  ds = 10.0
choice: 4   |  move: (  2.83,   2.83)  |  ds = 4.0
choice: 11  |  move: (   0.0,   10.0)  |  ds = 10.0
choice: 16  |  move: ( -7.07,  -7.07)  |  ds = 10.0
choice: 14  |  move: (  7.07,  -7.07)  |  ds = 10.0
choice: 0   |  move: (     0,      0)  |  ds = 0.0
choice: 16  |  move: ( -7.07,  -7.07)  |  ds = 10.0
choice: 11  |  move: (   0.0,   10.0)  |  ds = 10.0
choice: 14  |  move: (  7.07,  -7.07)  |  ds = 10.0
choice: 1   |  move: (  -4.0,    0.0)  |  ds = 4.0
choice: 3   |  move: (   0.0,    4.0)  |  ds = 4.0
choice: 3   |  move: (   0.0,    4.0)  |  ds = 4.0
choice: 14  |  move: (  7.07,  -7.07)  |  ds = 10.0
choice: 2   |  move: ( -2.83,   2.83)  |  ds = 4.0
choice: 3   |  move: (   0.0,    4.0)  |  ds = 4.0
choice: 5   |  move: (   4.0,    0.0)  |  ds = 4.0
choice: 1   |  move: (  -4.0,    0.0)  |  ds = 4.0
choice: 13  |  move: (  10.0,    0.0)  |  ds = 10.0
choice: 2   |  move: ( -2.83,   2.83)  |  ds = 4.0
choice: 12  |  move: (  7.07,   7.07)  |  ds = 10.0
choice: 7   |  move: (   0.0,   -4.0)  |  ds = 4.0
choice: 3   |  move: (   0.0,    4.0)  |  ds = 4.0
choice: 11  |  move: (   0.0,   10.0)  |  ds = 10.0
choice: 0   |  move: (     0,      0)  |  ds = 0.0
choice: 5   |  move: (   4.0,    0.0)  |  ds = 4.0
choice: 15  |  move: (   0.0,  -10.0)  |  ds = 10.0
choice: 15  |  move: (   0.0,  -10.0)  |  ds = 10.0
choice: 2   |  move: ( -2.83,   2.83)  |  ds = 4.0
choice: 2   |  move: ( -2.83,   2.83)  |  ds = 4.0
choice: 10  |  move: ( -7.07,   7.07)  |  ds = 10.0
choice: 9   |  move: ( -10.0,    0.0)  |  ds = 10.0
choice: 11  |  move: (   0.0,   10.0)  |  ds = 10.0
choice: 2   |  move: ( -2.83,   2.83)  |  ds = 4.0
choice: 6   |  move: (  2.83,  -2.83)  |  ds = 4.0
choice: 1   |  move: (  -4.0,    0.0)  |  ds = 4.0
choice: 10  |  move: ( -7.07,   7.07)  |  ds = 10.0
choice: 16  |  move: ( -7.07,  -7.07)  |  ds = 10.0
choice: 6   |  move: (  2.83,  -2.83)  |  ds = 4.0
choice: 10  |  move: ( -7.07,   7.07)  |  ds = 10.0
choice: 7   |  move: (   0.0,   -4.0)  |  ds = 4.0
choice: 14  |  move: (  7.07,  -7.07)  |  ds = 10.0
choice: 7   |  move: (   0.0,   -4.0)  |  ds = 4.0
choice: 16  |  move: ( -7.07,  -7.07)  |  ds = 10.0
choice: 15  |  move: (   0.0,  -10.0)  |  ds = 10.0
choice: 13  |  move: (  10.0,    0.0)  |  ds = 10.0
choice: 9   |  move: ( -10.0,    0.0)  |  ds = 10.0
choice: 13  |  move: (  10.0,    0.0)  |  ds = 10.0
choice: 7   |  move: (   0.0,   -4.0)  |  ds = 4.0
choice: 11  |  move: (   0.0,   10.0)  |  ds = 10.0
choice: 8   |  move: ( -2.83,  -2.83)  |  ds = 4.0
choice: 12  |  move: (  7.07,   7.07)  |  ds = 10.0
choice: 11  |  move: (   0.0,   10.0)  |  ds = 10.0
choice: 9   |  move: ( -10.0,    0.0)  |  ds = 10.0
choice: 16  |  move: ( -7.07,  -7.07)  |  ds = 10.0
choice: 7   |  move: (   0.0,   -4.0)  |  ds = 4.0
choice: 8   |  move: ( -2.83,  -2.83)  |  ds = 4.0
choice: 2   |  move: ( -2.83,   2.83)  |  ds = 4.0
choice: 1   |  move: (  -4.0,    0.0)  |  ds = 4.0
choice: 4   |  move: (  2.83,   2.83)  |  ds = 4.0
choice: 1   |  move: (  -4.0,    0.0)  |  ds = 4.0
choice: 11  |  move: (   0.0,   10.0)  |  ds = 10.0
choice: 14  |  move: (  7.07,  -7.07)  |  ds = 10.0
choice: 3   |  move: (   0.0,    4.0)  |  ds = 4.0
choice: 4   |  move: (  2.83,   2.83)  |  ds = 4.0
choice: 15  |  move: (   0.0,  -10.0)  |  ds = 10.0
choice: 5   |  move: (   4.0,    0.0)  |  ds = 4.0
choice: 5   |  move: (   4.0,    0.0)  |  ds = 4.0
choice: 14  |  move: (  7.07,  -7.07)  |  ds = 10.0
choice: 16  |  move: ( -7.07,  -7.07)  |  ds = 10.0
choice: 13  |  move: (  10.0,    0.0)  |  ds = 10.0
choice: 6   |  move: (  2.83,  -2.83)  |  ds = 4.0
choice: 4   |  move: (  2.83,   2.83)  |  ds = 4.0
choice: 13  |  move: (  10.0,    0.0)  |  ds = 10.0
choice: 8   |  move: ( -2.83,  -2.83)  |  ds = 4.0
choice: 9   |  move: ( -10.0,    0.0)  |  ds = 10.0
choice: 2   |  move: ( -2.83,   2.83)  |  ds = 4.0
choice: 6   |  move: (  2.83,  -2.83)  |  ds = 4.0
choice: 15  |  move: (   0.0,  -10.0)  |  ds = 10.0
choice: 3   |  move: (   0.0,    4.0)  |  ds = 4.0
choice: 15  |  move: (   0.0,  -10.0)  |  ds = 10.0
choice: 8   |  move: ( -2.83,  -2.83)  |  ds = 4.0
choice: 2   |  move: ( -2.83,   2.83)  |  ds = 4.0
choice: 14  |  move: (  7.07,  -7.07)  |  ds = 10.0
choice: 11  |  move: (   0.0,   10.0)  |  ds = 10.0
choice: 13  |  move: (  10.0,    0.0)  |  ds = 10.0
choice: 0   |  move: (     0,      0)  |  ds = 0.0
choice: 0   |  move: (     0,      0)  |  ds = 0.0
choice: 10  |  move: ( -7.07,   7.07)  |  ds = 10.0
choice: 16  |  move: ( -7.07,  -7.07)  |  ds = 10.0
choice: 7   |  move: (   0.0,   -4.0)  |  ds = 4.0
choice: 0   |  move: (     0,      0)  |  ds = 0.0
choice: 2   |  move: ( -2.83,   2.83)  |  ds = 4.0
choice: 14  |  move: (  7.07,  -7.07)  |  ds = 10.0
choice: 6   |  move: (  2.83,  -2.83)  |  ds = 4.0
choice: 0   |  move: (     0,      0)  |  ds = 0.0
choice: 13  |  move: (  10.0,    0.0)  |  ds = 10.0
choice: 15  |  move: (   0.0,  -9.63)  |  ds = 9.63
choice: 6   |  move: (  2.83,    0.0)  |  ds = 2.83
choice: 10  |  move: ( -7.07,   7.07)  |  ds = 10.0
choice: 3   |  move: (   0.0,    4.0)  |  ds = 4.0
choice: 9   |  move: ( -10.0,    0.0)  |  ds = 10.0
choice: 16  |  move: ( -7.07,  -7.07)  |  ds = 10.0
choice: 13  |  move: (  10.0,    0.0)  |  ds = 10.0
choice: 9   |  move: ( -10.0,    0.0)  |  ds = 10.0
choice: 0   |  move: (     0,      0)  |  ds = 0.0
choice: 0   |  move: (     0,      0)  |  ds = 0.0
choice: 9   |  move: ( -10.0,    0.0)  |  ds = 10.0
choice: 9   |  move: ( -10.0,    0.0)  |  ds = 10.0
choice: 8   |  move: ( -2.83,  -2.83)  |  ds = 4.0
choice: 12  |  move: (  7.07,   7.07)  |  ds = 10.0
choice: 4   |  move: (  2.83,   2.83)  |  ds = 4.0
choice: 4   |  move: (  2.83,   2.83)  |  ds = 4.0
choice: 5   |  move: (   4.0,    0.0)  |  ds = 4.0
choice: 9   |  move: ( -10.0,    0.0)  |  ds = 10.0
choice: 4   |  move: (  2.83,   2.83)  |  ds = 4.0
choice: 3   |  move: (   0.0,    4.0)  |  ds = 4.0
choice: 12  |  move: (  7.07,   7.07)  |  ds = 10.0
choice: 6   |  move: (  2.83,  -2.83)  |  ds = 4.0
choice: 14  |  move: (  7.07,  -7.07)  |  ds = 10.0
choice: 16  |  move: ( -7.07,  -7.07)  |  ds = 10.0
choice: 7   |  move: (   0.0,   -4.0)  |  ds = 4.0
choice: 3   |  move: (   0.0,    4.0)  |  ds = 4.0
choice: 12  |  move: (  7.07,   7.07)  |  ds = 10.0
choice: 15  |  move: (   0.0,  -10.0)  |  ds = 10.0
choice: 12  |  move: (  7.07,   7.07)  |  ds = 10.0
choice: 2   |  move: ( -2.83,   2.83)  |  ds = 4.0
choice: 1   |  move: (  -4.0,    0.0)  |  ds = 4.0
choice: 12  |  move: (  7.07,   7.07)  |  ds = 10.0
choice: 12  |  move: (  7.07,   7.07)  |  ds = 10.0
choice: 13  |  move: (  10.0,    0.0)  |  ds = 10.0
choice: 10  |  move: ( -7.07,   7.07)  |  ds = 10.0
choice: 4   |  move: (  2.83,   2.83)  |  ds = 4.0
choice: 11  |  move: (   0.0,   10.0)  |  ds = 10.0
choice: 11  |  move: (   0.0,   10.0)  |  ds = 10.0
choice: 16  |  move: ( -7.07,  -7.07)  |  ds = 10.0
choice: 9   |  move: ( -10.0,    0.0)  |  ds = 10.0
choice: 4   |  move: (  2.83,   2.83)  |  ds = 4.0
choice: 14  |  move: (  7.07,  -7.07)  |  ds = 10.0
choice: 11  |  move: (   0.0,   10.0)  |  ds = 10.0
choice: 10  |  move: ( -7.07,   7.07)  |  ds = 10.0
choice: 12  |  move: (  7.07,   7.07)  |  ds = 10.0
choice: 12  |  move: (  7.07,   7.07)  |  ds = 10.0
choice: 11  |  move: (   0.0,   10.0)  |  ds = 10.0
choice: 13  |  move: (  10.0,    0.0)  |  ds = 10.0
choice: 8   |  move: ( -2.83,  -2.83)  |  ds = 4.0
choice: 7   |  move: (   0.0,   -4.0)  |  ds = 4.0
choice: 6   |  move: (  2.83,  -2.83)  |  ds = 4.0
choice: 8   |  move: ( -2.83,  -2.83)  |  ds = 4.0
choice: 4   |  move: (  2.83,   2.83)  |  ds = 4.0
choice: 10  |  move: ( -7.07,   7.07)  |  ds = 10.0
choice: 1   |  move: (  -4.0,    0.0)  |  ds = 4.0
choice: 1   |  move: (  -4.0,    0.0)  |  ds = 4.0
choice: 13  |  move: (  10.0,    0.0)  |  ds = 10.0
choice: 13  |  move: (  10.0,    0.0)  |  ds = 10.0
choice: 1   |  move: (  -4.0,    0.0)  |  ds = 4.0
choice: 12  |  move: (  7.07,   7.07)  |  ds = 10.0
choice: 15  |  move: (   0.0,  -10.0)  |  ds = 10.0
choice: 7   |  move: (   0.0,   -4.0)  |  ds = 4.0
choice: 7   |  move: (   0.0,   -4.0)  |  ds = 4.0
choice: 6   |  move: (  2.83,  -2.83)  |  ds = 4.0
choice: 1   |  move: (  -4.0,    0.0)  |  ds = 4.0
choice: 6   |  move: (  2.83,  -2.83)  |  ds = 4.0
choice: 13  |  move: (  10.0,    0.0)  |  ds = 10.0
choice: 12  |  move: (  7.07,   7.07)  |  ds = 10.0
choice: 9   |  move: ( -10.0,    0.0)  |  ds = 10.0
choice: 13  |  move: (  10.0,    0.0)  |  ds = 10.0
choice: 16  |  move: ( -7.07,  -7.07)  |  ds = 10.0
choice: 3   |  move: (   0.0,    4.0)  |  ds = 4.0
choice: 8   |  move: ( -2.83,  -2.83)  |  ds = 4.0
choice: 0   |  move: (     0,      0)  |  ds = 0.0
choice: 13  |  move: (  10.0,    0.0)  |  ds = 10.0
choice: 8   |  move: ( -2.83,  -2.83)  |  ds = 4.0
choice: 10  |  move: ( -7.07,   7.07)  |  ds = 10.0
choice: 13  |  move: (  10.0,    0.0)  |  ds = 10.0
choice: 11  |  move: (   0.0,   10.0)  |  ds = 10.0
choice: 9   |  move: ( -10.0,    0.0)  |  ds = 10.0
choice: 15  |  move: (   0.0,  -10.0)  |  ds = 10.0
choice: 12  |  move: (  7.07,   7.07)  |  ds = 10.0
choice: 11  |  move: (   0.0,   10.0)  |  ds = 10.0
choice: 3   |  move: (   0.0,    4.0)  |  ds = 4.0
choice: 8   |  move: ( -2.83,  -2.83)  |  ds = 4.0
choice: 6   |  move: (  2.83,  -2.83)  |  ds = 4.0
choice: 15  |  move: (   0.0,  -10.0)  |  ds = 10.0
choice: 6   |  move: (  2.83,  -2.83)  |  ds = 4.0
choice: 0   |  move: (     0,      0)  |  ds = 0.0
choice: 10  |  move: ( -7.07,   7.07)  |  ds = 10.0
choice: 6   |  move: (  2.83,  -2.83)  |  ds = 4.0
choice: 12  |  move: (  7.07,   7.07)  |  ds = 10.0
choice: 7   |  move: (   0.0,   -4.0)  |  ds = 4.0
choice: 10  |  move: ( -7.07,   7.07)  |  ds = 10.0
choice: 5   |  move: (   4.0,    0.0)  |  ds = 4.0
choice: 14  |  move: (  7.07,  -7.07)  |  ds = 10.0
choice: 8   |  move: ( -2.83,  -2.83)  |  ds = 4.0
choice: 5   |  move: (   4.0,    0.0)  |  ds = 4.0
choice: 14  |  move: (  7.07,  -7.07)  |  ds = 10.0
choice: 8   |  move: ( -2.83,  -2.83)  |  ds = 4.0
choice: 8   |  move: ( -2.83,  -2.83)  |  ds = 4.0
choice: 7   |  move: (   0.0,   -4.0)  |  ds = 4.0
choice: 1   |  move: (  -4.0,    0.0)  |  ds = 4.0
choice: 7   |  move: (   0.0,   -4.0)  |  ds = 4.0
choice: 6   |  move: (  2.83,  -2.83)  |  ds = 4.0
choice: 11  |  move: (   0.0,   10.0)  |  ds = 10.0
choice: 8   |  move: ( -2.83,  -2.83)  |  ds = 4.0
choice: 8   |  move: ( -2.83,  -2.83)  |  ds = 4.0
choice: 8   |  move: ( -2.83,  -2.83)  |  ds = 4.0
choice: 5   |  move: (   4.0,    0.0)  |  ds = 4.0
choice: 0   |  move: (     0,      0)  |  ds = 0.0
choice: 1   |  move: (  -4.0,    0.0)  |  ds = 4.0
choice: 11  |  move: (   0.0,   10.0)  |  ds = 10.0
choice: 0   |  move: (     0,      0)  |  ds = 0.0
choice: 4   |  move: (  2.83,   2.83)  |  ds = 4.0
choice: 12  |  move: (  7.07,   7.07)  |  ds = 10.0
choice: 2   |  move: ( -2.83,   2.83)  |  ds = 4.0
choice: 7   |  move: (   0.0,   -4.0)  |  ds = 4.0
choice: 15  |  move: (   0.0,  -10.0)  |  ds = 10.0
choice: 4   |  move: (  2.83,   2.83)  |  ds = 4.0
choice: 9   |  move: ( -10.0,    0.0)  |  ds = 10.0
choice: 2   |  move: ( -2.83,   2.83)  |  ds = 4.0
choice: 6   |  move: (  2.83,  -2.83)  |  ds = 4.0
choice: 10  |  move: ( -7.07,   7.07)  |  ds = 10.0
choice: 16  |  move: ( -7.07,  -7.07)  |  ds = 10.0
choice: 1   |  move: (  -4.0,    0.0)  |  ds = 4.0
choice: 3   |  move: (   0.0,    4.0)  |  ds = 4.0
choice: 7   |  move: (   0.0,   -4.0)  |  ds = 4.0
choice: 10  |  move: ( -7.07,   7.07)  |  ds = 10.0
choice: 15  |  move: (   0.0,  -10.0)  |  ds = 10.0
choice: 0   |  move: (     0,      0)  |  ds = 0.0
choice: 12  |  move: (  7.07,   7.07)  |  ds = 10.0
choice: 0   |  move: (     0,      0)  |  ds = 0.0
choice: 3   |  move: (   0.0,    4.0)  |  ds = 4.0
